<?xml version="1.0" encoding="UTF-8"?>
<!-- Generated by org.testng.reporters.JUnitReportReporter -->
<testsuite hostname="DESKTOP-HT5RG4G" failures="0" tests="3" name="com.crm.qa.testcases.LoginPageTest" time="29.517" errors="0" timestamp="12 Dec 2021 04:56:26 GMT" skipped="0">
  <testcase classname="com.crm.qa.testcases.LoginPageTest" name="loginPageTitleTest" time="8.432"/>
  <testcase classname="com.crm.qa.testcases.LoginPageTest" name="crmLogoImageTest" time="10.622"/>
  <testcase classname="com.crm.qa.testcases.LoginPageTest" name="loginTest" time="10.463"/>
</testsuite> <!-- com.crm.qa.testcases.LoginPageTest -->
