<?xml version="1.0" encoding="UTF-8"?>
<!-- Generated by org.testng.reporters.JUnitReportReporter -->
<testsuite hostname="DESKTOP-HT5RG4G" failures="0" tests="3" name="com.crm.qa.testcases.HomePageTest" time="32.662" errors="0" timestamp="12 Dec 2021 05:55:39 GMT" skipped="0">
  <testcase classname="com.crm.qa.testcases.HomePageTest" name="verifyHomePageTitleTest" time="8.074"/>
  <testcase classname="com.crm.qa.testcases.HomePageTest" name="verifyHomePageText" time="11.950"/>
  <testcase classname="com.crm.qa.testcases.HomePageTest" name="verifyContactsLinkTest" time="12.638"/>
</testsuite> <!-- com.crm.qa.testcases.HomePageTest -->
